cache.log limpo após 5 execuções bem-sucedidas.
Playlist adicionada: 1yKMlyu7hirmy9fPxWcVnT - Viral Cuiabá BR
Playlist adicionada: 5MZvlLOt6b9JqbHOaEzJ5Z - Viral Vitória BR
Playlist adicionada: 0IhVk09lB03uNccMTUemfd - Viral São Luís BR
Cache atualizado com sucesso: {"artists_debug":{"cache":"Cache saved for popular_artists in 0.00011706352233887 seconds","response_time":"0.60209012031555 seconds","fetched_artists":25},"podcasts_debug":{"cache":"Cache saved for popular_podcasts_br in 0.00021886825561523 seconds","response_time":"9.2744319438934 seconds","fetched_episodes":18},"albums_debug":{"cache":"Cache saved for new_albums_releases_br in 0.00025200843811035 seconds","response_time":"7.9721829891205 seconds","fetched_albums":20},"hit_parades_debug":{"cache":"Cache saved for hits_parades in 0.00028800964355469 seconds","response_time":"10.860857009888 seconds","fetched_playlists":17},"recently_played":{"cache":"Cache saved for recently_played in 0.00016999244689941 seconds","response_time":"2.1512320041656 seconds","fetched_items":7,"from_cache":false},"total_response_time":"30.861733913422 seconds"}
Token de acesso renovado com sucesso: BQCtXB4xd5p1OS-BKB6PGeAZBYSbuGtp8yU10L7LsD_YzcF8k6HKew_xfurM3n5Oi9NZJ8Ix22MJEHuGghSvovub3DH6skivpZ-ErcoKrNtMVYwP94-HqLrTxUjsQ8KfaGWLLl6ktezfpRaJj__Vs4Je719unbagSeg4SjxdXNIT30a8pDaWxEd4ufGkaM_0N1m2jFmr0TP-eH7QujW7qfYZ8rimMYQVome3arZCrrQv4LMeGXjQYnnDiu3cDU6XU6qJ6ERzl6YEjHm1TV8XATCiQAs0Lhee0EBdpfyGBiwS73xnR0i_Dmxm9wj-EddhxdZQSE8lcns
Autenticação com refresh token bem-sucedida no CLI
Dados recuperados do cache para recently_played: [{"id":"2UZMlIwnkgAEDBsw1Rejkn","uri":"spotify:artist:2UZMlIwnkgAEDBsw1Rejkn","name":"Tom Petty","image":"https:\/\/i.scdn.co\/image\/ab6761610000e5eb1ef0346826481e5cf1979096","description":"Artista","played_at":"2025-05-10T15:53:52.498Z","type":"artist"},{"id":"7EM9m7HOXxVgP9oEpDDv70","uri":"spotify:artist:7EM9m7HOXxVgP9oEpDDv70","name":"Os Paralamas Do Sucesso","image":"https:\/\/i.scdn.co\/image\/ab6761610000e5ebc379b4361bcfb87f5bd72808","description":"Artista","played_at":"2025-05-10T14:50:14.429Z","type":"artist"},{"id":"3qm84nBOXUEQ2vnTfUTTFC","uri":"spotify:artist:3qm84nBOXUEQ2vnTfUTTFC","name":"Guns N' Roses","image":"https:\/\/i.scdn.co\/image\/ab6761610000e5eb50defaf9fc059a1efc541f4c","description":"Artista","played_at":"2025-05-10T14:47:54.017Z","type":"artist"},{"id":"6GbCJZrI318Ybm8mY36Of5","uri":"spotify:artist:6GbCJZrI318Ybm8mY36Of5","name":"Faith No More","image":"https:\/\/i.scdn.co\/image\/765ad08f23f828d1a850c47ac417d7be260af932","description":"Artista","played_at":"2025-05-10T14:00:39.552Z","type":"artist"},{"id":"5xUf6j4upBrXZPg6AI4MRK","uri":"spotify:artist:5xUf6j4upBrXZPg6AI4MRK","name":"Soundgarden","image":"https:\/\/i.scdn.co\/image\/ab6761610000e5ebafa254b2a224584485286526","description":"Artista","played_at":"2025-05-09T22:04:42.920Z","type":"artist"},{"id":"03r4iKL2g2442PT9n2UKsx","uri":"spotify:artist:03r4iKL2g2442PT9n2UKsx","name":"Beastie Boys","image":"https:\/\/i.scdn.co\/image\/705bcd56dc5dbf9ebc578a3ba8094e6d622862c2","description":"Artista","played_at":"2025-05-08T19:41:41.781Z","type":"artist"},{"id":"2UazAtjfzqBF0Nho2awK4z","uri":"spotify:artist:2UazAtjfzqBF0Nho2awK4z","name":"Stone Temple Pilots","image":"https:\/\/i.scdn.co\/image\/ab6761610000e5eb4bb64f87db255d76538b905f","description":"Artista","played_at":"2025-05-08T15:37:40.023Z","type":"artist"}]
Playlist adicionada: 5DqR5bAbk7mTq5jnvJsjel - Viral São Paulo BR
Playlist adicionada: 6GNmpxMYl4hD90GwGINyla - Viral Rio de Janeiro BR
Playlist adicionada: 4Zn9LFbwTguxz4XeAWTDi1 - Viral Belo Horizonte BR
Playlist adicionada: 0X039tyQfxhPtVWoZUqqzX - Viral Brasília BR
Playlist adicionada: 4iXBmc9lmaFnjBKK9aCXg3 - Viral Curitiba BR
Playlist adicionada: 5teJDcsrQJ9QZGYugoq2MB - Viral Salvador BR
Playlist adicionada: 1hCQkNupVD4HqfTS4GnMwC - Viral Fortaleza BR
Playlist adicionada: 44HCx45fac9vrwqne4Sw41 - Viral Recife BR
Playlist adicionada: 3OXekjrqVhrdiZoZE5ZY9S - Viral Manaus BR
Playlist adicionada: 4ymxQmWEV5ae73JrK4owIK - Viral Belém BR
Playlist adicionada: 49VFPROr6yhf8yB2J2wcNz - Viral Goiânia BR
Playlist adicionada: 6VNAy0lActqHlZWbbpQcUW - Viral Porto Alegre BR
Playlist adicionada: 6pKvMoTAkiRhugrwibucHN - Viral Florianópolis BR
Playlist adicionada: 67HYZM7wyXrABqp60yEILo - Viral Natal BR
Playlist adicionada: 1yKMlyu7hirmy9fPxWcVnT - Viral Cuiabá BR
Playlist adicionada: 5MZvlLOt6b9JqbHOaEzJ5Z - Viral Vitória BR
Playlist adicionada: 0IhVk09lB03uNccMTUemfd - Viral São Luís BR
Cache atualizado com sucesso: {"artists_debug":{"cache":"Cache saved for popular_artists in 0.00016188621520996 seconds","response_time":"0.57608413696289 seconds","fetched_artists":25},"podcasts_debug":{"cache":"Cache saved for popular_podcasts_br in 0.00021696090698242 seconds","response_time":"9.355899810791 seconds","fetched_episodes":19},"albums_debug":{"cache":"Cache saved for new_albums_releases_br in 0.00026702880859375 seconds","response_time":"7.2585558891296 seconds","fetched_albums":20},"hit_parades_debug":{"cache":"Cache saved for hits_parades in 0.00031304359436035 seconds","response_time":"8.4586281776428 seconds","fetched_playlists":17},"recently_played":{"cache":{"status":"retrieved from cache"},"response_time":"0.0015079975128174 seconds","fetched_items":7,"from_cache":true},"total_response_time":"25.650834083557 seconds"}
Token de acesso renovado com sucesso: BQCi60Pfk4qpBo7eJ6Wkn79PvOLi2Gc24olJ5BJszpfuvs7vDMRCgRk67z-nF7zrYoExFlr1tNz126bQTqb1M46pbgGTZ-G5VusU10UJa2G7jqjamPpkISnl-wBRBL2OWBnVEm3aFiVBI-mDeb1131_iVCOfyWplFYZFWyupQZy5B1ViLXF_dLdmiRXpAP2s2SyxPjHGSqDUK4RDKACZQIFMXfjrqa4kisUbqavL8sdkf8TslbrHN1mWZNjP5D0JK8t62d9Se806I1p8tlhlT_mnquQGdLFr0T_2MH6AnPHp9sTumG-xaAjLEQ0gx9mg7YctqZrG6ps
Autenticação com refresh token bem-sucedida no CLI
Cache vazio ou inválido para recently_played: {"data":null,"debug":"Cache miss for recently_played in 0.00018501281738281 seconds"}
Token de acesso renovado com sucesso: BQAe9oWeaJTREzAMCu_geT5-cHthrU6fDcdiTf8LfuL9WSFhTIIB0y0xjhos5J56y1Vbl_eQNBjyjICMWfGpIwtodiqAUZfAtpSIrXecF5hBW6-HGhRsaaR5cYnjbYQ125KbcxdlhCkVmx2K94xMTELGVHkmBJ48ZT2MLtePk0LkUd5xjXNlmUQXboGUvImb2UW_jlGGq61npwzYKq71HRlUAps4obt3WvCfF7JakV-jaah3h-XY_zcq1oUlr4K5O1DXM-suiQV0Vx37DuM2wfRtrfkn0dXv014pXYJ-Y3cz0beV4lZW5iYkbXDYZd1FI-tV0m7khtA
Autenticação com refresh token bem-sucedida em retrieveRecentlyPlayedContent
Dados armazenados no cache para recently_played: [{"id":"4tX2TplrkIP4v05BNC903e","uri":"spotify:artist:4tX2TplrkIP4v05BNC903e","name":"Tom Petty and the Heartbreakers","image":"https:\/\/i.scdn.co\/image\/ab6761610000e5eb560685c65ae33b3ffbda7f19","description":"Artista","played_at":"2025-05-10T19:00:25.916Z","type":"artist"},{"id":"2UZMlIwnkgAEDBsw1Rejkn","uri":"spotify:artist:2UZMlIwnkgAEDBsw1Rejkn","name":"Tom Petty","image":"https:\/\/i.scdn.co\/image\/ab6761610000e5eb1ef0346826481e5cf1979096","description":"Artista","played_at":"2025-05-10T15:53:52.498Z","type":"artist"},{"id":"7EM9m7HOXxVgP9oEpDDv70","uri":"spotify:artist:7EM9m7HOXxVgP9oEpDDv70","name":"Os Paralamas Do Sucesso","image":"https:\/\/i.scdn.co\/image\/ab6761610000e5ebc379b4361bcfb87f5bd72808","description":"Artista","played_at":"2025-05-10T14:50:14.429Z","type":"artist"},{"id":"3qm84nBOXUEQ2vnTfUTTFC","uri":"spotify:artist:3qm84nBOXUEQ2vnTfUTTFC","name":"Guns N' Roses","image":"https:\/\/i.scdn.co\/image\/ab6761610000e5eb50defaf9fc059a1efc541f4c","description":"Artista","played_at":"2025-05-10T14:47:54.017Z","type":"artist"},{"id":"6GbCJZrI318Ybm8mY36Of5","uri":"spotify:artist:6GbCJZrI318Ybm8mY36Of5","name":"Faith No More","image":"https:\/\/i.scdn.co\/image\/765ad08f23f828d1a850c47ac417d7be260af932","description":"Artista","played_at":"2025-05-10T14:00:39.552Z","type":"artist"},{"id":"5xUf6j4upBrXZPg6AI4MRK","uri":"spotify:artist:5xUf6j4upBrXZPg6AI4MRK","name":"Soundgarden","image":"https:\/\/i.scdn.co\/image\/ab6761610000e5ebafa254b2a224584485286526","description":"Artista","played_at":"2025-05-09T22:04:42.920Z","type":"artist"},{"id":"03r4iKL2g2442PT9n2UKsx","uri":"spotify:artist:03r4iKL2g2442PT9n2UKsx","name":"Beastie Boys","image":"https:\/\/i.scdn.co\/image\/705bcd56dc5dbf9ebc578a3ba8094e6d622862c2","description":"Artista","played_at":"2025-05-08T19:41:41.781Z","type":"artist"}]
Playlist adicionada: 5DqR5bAbk7mTq5jnvJsjel - Viral São Paulo BR
Playlist adicionada: 6GNmpxMYl4hD90GwGINyla - Viral Rio de Janeiro BR
Playlist adicionada: 4Zn9LFbwTguxz4XeAWTDi1 - Viral Belo Horizonte BR
Playlist adicionada: 0X039tyQfxhPtVWoZUqqzX - Viral Brasília BR
Playlist adicionada: 4iXBmc9lmaFnjBKK9aCXg3 - Viral Curitiba BR
Playlist adicionada: 5teJDcsrQJ9QZGYugoq2MB - Viral Salvador BR
Playlist adicionada: 1hCQkNupVD4HqfTS4GnMwC - Viral Fortaleza BR
Playlist adicionada: 44HCx45fac9vrwqne4Sw41 - Viral Recife BR
Playlist adicionada: 3OXekjrqVhrdiZoZE5ZY9S - Viral Manaus BR
Playlist adicionada: 4ymxQmWEV5ae73JrK4owIK - Viral Belém BR
Playlist adicionada: 49VFPROr6yhf8yB2J2wcNz - Viral Goiânia BR
Playlist adicionada: 6VNAy0lActqHlZWbbpQcUW - Viral Porto Alegre BR
Playlist adicionada: 6pKvMoTAkiRhugrwibucHN - Viral Florianópolis BR
Playlist adicionada: 67HYZM7wyXrABqp60yEILo - Viral Natal BR
Playlist adicionada: 1yKMlyu7hirmy9fPxWcVnT - Viral Cuiabá BR
Playlist adicionada: 5MZvlLOt6b9JqbHOaEzJ5Z - Viral Vitória BR
Playlist adicionada: 0IhVk09lB03uNccMTUemfd - Viral São Luís BR
Cache atualizado com sucesso: {"artists_debug":{"cache":"Cache saved for popular_artists in 0.00016689300537109 seconds","response_time":"0.4728569984436 seconds","fetched_artists":25},"podcasts_debug":{"cache":"Cache saved for popular_podcasts_br in 0.00030112266540527 seconds","response_time":"9.1320729255676 seconds","fetched_episodes":18},"albums_debug":{"cache":"Cache saved for new_albums_releases_br in 0.00037717819213867 seconds","response_time":"6.7688682079315 seconds","fetched_albums":20},"hit_parades_debug":{"cache":"Cache saved for hits_parades in 0.00021505355834961 seconds","response_time":"8.1842920780182 seconds","fetched_playlists":17},"recently_played":{"cache":"Cache saved for recently_played in 0.0001988410949707 seconds","response_time":"2.0831291675568 seconds","fetched_items":7,"from_cache":false},"total_response_time":"26.642204046249 seconds"}
